<?xml version="1.0" encoding="UTF-8"?>
<testng-results total="1" passed="1" failed="0" skipped="0">
  <reporter-output>
  </reporter-output>
  <suite started-at="2021-08-29T14:22:33Z" name="Suite" finished-at="2021-08-29T14:22:40Z" duration-ms="6089">
    <groups>
    </groups>
    <test started-at="2021-08-29T14:22:33Z" name="Test" finished-at="2021-08-29T14:22:40Z" duration-ms="6089">
      <class name="com.framework.bussinesscripts.Login">
        <test-method is-config="true" signature="OpenBrowser(java.lang.String)[pri:0, instance:com.framework.bussinesscripts.Login@30af5b6b]" started-at="2021-08-29T19:52:31Z" name="OpenBrowser" finished-at="2021-08-29T19:52:33Z" duration-ms="2047" status="PASS">
          <params>
            <param index="0">
              <value>
                <![CDATA[Chrome]]>
              </value>
            </param>
          </params>
          <reporter-output>
          </reporter-output>
        </test-method> <!-- OpenBrowser -->
        <test-method signature="login()[pri:0, instance:com.framework.bussinesscripts.Login@30af5b6b]" started-at="2021-08-29T19:52:33Z" name="login" finished-at="2021-08-29T19:52:40Z" duration-ms="6079" status="PASS">
          <reporter-output>
          </reporter-output>
        </test-method> <!-- login -->
        <test-method is-config="true" signature="CloseBrowser()[pri:0, instance:com.framework.bussinesscripts.Login@30af5b6b]" started-at="2021-08-29T19:52:40Z" name="CloseBrowser" finished-at="2021-08-29T19:52:44Z" duration-ms="4143" status="PASS">
          <reporter-output>
          </reporter-output>
        </test-method> <!-- CloseBrowser -->
      </class> <!-- com.framework.bussinesscripts.Login -->
    </test> <!-- Test -->
  </suite> <!-- Suite -->
</testng-results>
